[0.156s] Invoking command in '/home/zuman/hivebot_ws/build/hello_moveit': CMAKE_PREFIX_PATH=${CMAKE_PREFIX_PATH}:/home/zuman/hivebot_ws/install/toilet_detection:/home/zuman/hivebot_ws/install/ball_tracker:/opt/ros/humble /usr/bin/cmake --build /home/zuman/hivebot_ws/build/hello_moveit -- -j6 -l6
[0.400s] -- Found ament_cmake: 1.3.8 (/opt/ros/humble/share/ament_cmake/cmake)
[0.699s] -- Override CMake install command with custom implementation using symlinks instead of copying resources
[0.755s] -- Found moveit_ros_planning_interface: 2.5.5 (/opt/ros/humble/share/moveit_ros_planning_interface/cmake)
[0.777s] -- Found Boost: /usr/lib/x86_64-linux-gnu/cmake/Boost-1.74.0/BoostConfig.cmake (found version "1.74.0") found components: date_time filesystem program_options system thread 
[0.901s] -- Found rosidl_generator_c: 3.1.5 (/opt/ros/humble/share/rosidl_generator_c/cmake)
[0.903s] -- Found rosidl_adapter: 3.1.5 (/opt/ros/humble/share/rosidl_adapter/cmake)
[0.917s] -- Found rosidl_generator_cpp: 3.1.5 (/opt/ros/humble/share/rosidl_generator_cpp/cmake)
[0.947s] -- Using all available rosidl_typesupport_c: rosidl_typesupport_fastrtps_c;rosidl_typesupport_introspection_c
[0.987s] -- Using all available rosidl_typesupport_cpp: rosidl_typesupport_fastrtps_cpp;rosidl_typesupport_introspection_cpp
[2.292s] -- Found Boost: /usr/lib/x86_64-linux-gnu/cmake/Boost-1.74.0/BoostConfig.cmake (found version "1.74.0") found components: chrono date_time filesystem iostreams program_options regex serialization system thread 
[2.315s] -- Found parameter_traits: 0.3.7 (/opt/ros/humble/share/parameter_traits/cmake)
[2.420s] -- Found rmw_implementation_cmake: 6.1.1 (/opt/ros/humble/share/rmw_implementation_cmake/cmake)
[2.426s] -- Found rmw_cyclonedds_cpp: 1.3.4 (/opt/ros/humble/share/rmw_cyclonedds_cpp/cmake)
[2.495s] -- Using RMW implementation 'rmw_cyclonedds_cpp' as default
[2.739s] -- Found rclcpp_lifecycle: 16.0.8 (/opt/ros/humble/share/rclcpp_lifecycle/cmake)
[2.815s] -- Found Boost: /usr/lib/x86_64-linux-gnu/cmake/Boost-1.74.0/BoostConfig.cmake (found version "1.74.0") found components: filesystem 
[2.904s] -- library: /usr/lib/x86_64-linux-gnu/libcurl.so
[3.122s] -- Ensuring Eigen3 include directory is part of orocos-kdl CMake target
[3.835s] -- Found Boost: /usr/lib/x86_64-linux-gnu/cmake/Boost-1.74.0/BoostConfig.cmake (found version "1.74.0") found components: system filesystem date_time program_options thread chrono 
[4.460s] -- Found Boost: /usr/lib/x86_64-linux-gnu/cmake/Boost-1.74.0/BoostConfig.cmake (found version "1.74.0") found components: thread system filesystem regex date_time program_options 
[4.768s] -- Found Boost: /usr/lib/x86_64-linux-gnu/cmake/Boost-1.74.0/BoostConfig.cmake (found version "1.74.0") found components: system filesystem date_time program_options thread 
[5.286s] -- Found ament_lint_auto: 0.12.10 (/opt/ros/humble/share/ament_lint_auto/cmake)
[5.415s] -- Added test 'cppcheck' to perform static code analysis on C / C++ code
[5.415s] -- Configured cppcheck include dirs: $<BUILD_INTERFACE:/home/zuman/hivebot_ws/src/hello_moveit/include>
[5.415s] -- Configured cppcheck exclude dirs and/or files: 
[5.416s] -- Added test 'lint_cmake' to check CMake code style
[5.418s] -- Added test 'uncrustify' to check C / C++ code style
[5.418s] -- Configured uncrustify additional arguments: 
[5.419s] -- Added test 'xmllint' to check XML markup files
[5.425s] -- Configuring done
[5.572s] -- Generating done
[5.577s] -- Build files have been written to: /home/zuman/hivebot_ws/build/hello_moveit
[5.635s] [35m[1mConsolidate compiler generated dependencies of target home[0m
[5.679s] [ 25%] Built target home
[5.698s] [35m[1mConsolidate compiler generated dependencies of target pick_sprayer[0m
[5.742s] [ 50%] Built target pick_sprayer
[5.768s] [ 62%] [32mBuilding CXX object CMakeFiles/gripper.dir/src/gripper.cpp.o[0m
[17.701s] gmake[2]: *** [CMakeFiles/gripper.dir/build.make:76: CMakeFiles/gripper.dir/src/gripper.cpp.o] Error 1
[17.701s] gmake[1]: *** [CMakeFiles/Makefile2:195: CMakeFiles/gripper.dir/all] Error 2
[17.705s] gmake: *** [Makefile:146: all] Error 2
[17.706s] Invoked command in '/home/zuman/hivebot_ws/build/hello_moveit' returned '2': CMAKE_PREFIX_PATH=${CMAKE_PREFIX_PATH}:/home/zuman/hivebot_ws/install/toilet_detection:/home/zuman/hivebot_ws/install/ball_tracker:/opt/ros/humble /usr/bin/cmake --build /home/zuman/hivebot_ws/build/hello_moveit -- -j6 -l6
